<?xml version="1.0" encoding="UTF-8" ?>
<testsuite errors="0" failures="0" hostname="amitsuzawa14-2.local" name="com.flatironschool.javacs.ListClientExampleTest" skipped="0" tests="1" time="0.091" timestamp="2016-04-18T18:20:09">
  <properties>
    <property name="java.vendor" value="Oracle Corporation" />
    <property name="sun.java.launcher" value="SUN_STANDARD" />
    <property name="env.XPC_SERVICE_NAME" value="0" />
    <property name="sun.management.compiler" value="HotSpot 64-Bit Tiered Compilers" />
    <property name="env.SECURITYSESSIONID" value="186a5" />
    <property name="env._system_arch" value="x86_64" />
    <property name="env.COLORFGBG" value="7;0" />
    <property name="env.GEM_HOME" value="/Users/amitsuzawa/.rvm/gems/ruby-2.2.1" />
    <property name="os.name" value="Mac OS X" />
    <property name="sun.boot.class.path" value="/Library/Java/JavaVirtualMachines/jdk1.8.0_45.jdk/Contents/Home/jre/lib/resources.jar:/Library/Java/JavaVirtualMachines/jdk1.8.0_45.jdk/Contents/Home/jre/lib/rt.jar:/Library/Java/JavaVirtualMachines/jdk1.8.0_45.jdk/Contents/Home/jre/lib/sunrsasign.jar:/Library/Java/JavaVirtualMachines/jdk1.8.0_45.jdk/Contents/Home/jre/lib/jsse.jar:/Library/Java/JavaVirtualMachines/jdk1.8.0_45.jdk/Contents/Home/jre/lib/jce.jar:/Library/Java/JavaVirtualMachines/jdk1.8.0_45.jdk/Contents/Home/jre/lib/charsets.jar:/Library/Java/JavaVirtualMachines/jdk1.8.0_45.jdk/Contents/Home/jre/lib/jfr.jar:/Library/Java/JavaVirtualMachines/jdk1.8.0_45.jdk/Contents/Home/jre/classes" />
    <property name="env.TMPDIR" value="/var/folders/9v/h8b48cnx0czbg43q72h2wd1r0000gq/T/" />
    <property name="env.PWD" value="/Users/amitsuzawa/Desktop/codeU/cs-swapping-implementations-lab-codeU" />
    <property name="env.LANG" value="en_US.UTF-8" />
    <property name="java.vm.specification.vendor" value="Oracle Corporation" />
    <property name="ant.home" value="/usr/local/Cellar/ant/1.9.5/libexec" />
    <property name="java.runtime.version" value="1.8.0_45-b14" />
    <property name="env.MY_RUBY_HOME" value="/Users/amitsuzawa/.rvm/rubies/ruby-2.2.1" />
    <property name="env.Apple_PubSub_Socket_Render" value="/private/tmp/com.apple.launchd.6JIplx46yj/Render" />
    <property name="env.DISPLAY" value="/private/tmp/com.apple.launchd.z2VkvkmxgC/org.macosforge.xquartz:0" />
    <property name="env.rvm_version" value="1.26.11 (master)" />
    <property name="user.name" value="amitsuzawa" />
    <property name="env.USER" value="amitsuzawa" />
    <property name="env.SHELL" value="/bin/bash" />
    <property name="env.__CF_USER_TEXT_ENCODING" value="0x1F7:0x0:0x0" />
    <property name="env._system_type" value="Darwin" />
    <property name="env.PATH" value="/Users/amitsuzawa/anaconda/bin:/Users/amitsuzawa/.rvm/gems/ruby-2.2.1/bin:/Users/amitsuzawa/.rvm/gems/ruby-2.2.1@global/bin:/Users/amitsuzawa/.rvm/rubies/ruby-2.2.1/bin:/usr/local/sbin:/usr/local/bin:/usr/local/bin:/usr/bin:/bin:/usr/sbin:/sbin:/usr/local/smlnj/bin/sml:/opt/X11/bin:/Users/amitsuzawa/.rvm/bin:/usr/local/smlnj/bin" />
    <property name="user.language" value="en" />
    <property name="env.rvm_prefix" value="/Users/amitsuzawa" />
    <property name="sun.boot.library.path" value="/Library/Java/JavaVirtualMachines/jdk1.8.0_45.jdk/Contents/Home/jre/lib" />
    <property name="ant.project.default-target" value="build" />
    <property name="env.XPC_FLAGS" value="0x0" />
    <property name="ant.project.name" value="JavaCS" />
    <property name="env.rvm_path" value="/Users/amitsuzawa/.rvm" />
    <property name="env.RUBY_VERSION" value="ruby-2.2.1" />
    <property name="java.version" value="1.8.0_45" />
    <property name="user.timezone" value="America/New_York" />
    <property name="sun.arch.data.model" value="64" />
    <property name="env._system_name" value="OSX" />
    <property name="http.nonProxyHosts" value="local|*.local|169.254/16|*.169.254/16" />
    <property name="java.endorsed.dirs" value="/Library/Java/JavaVirtualMachines/jdk1.8.0_45.jdk/Contents/Home/jre/lib/endorsed" />
    <property name="sun.cpu.isalist" value="" />
    <property name="sun.jnu.encoding" value="UTF-8" />
    <property name="env.ITERM_SESSION_ID" value="w0t2p0" />
    <property name="env.rvm_bin_path" value="/Users/amitsuzawa/.rvm/bin" />
    <property name="file.encoding.pkg" value="sun.io" />
    <property name="env.SHLVL" value="2" />
    <property name="file.separator" value="/" />
    <property name="env._system_version" value="10.10" />
    <property name="java.specification.name" value="Java Platform API Specification" />
    <property name="java.class.version" value="52.0" />
    <property name="user.country" value="US" />
    <property name="ant.file.JavaCS" value="/Users/amitsuzawa/Desktop/codeU/cs-swapping-implementations-lab-codeU/javacs-lab01/build.xml" />
    <property name="java.home" value="/Library/Java/JavaVirtualMachines/jdk1.8.0_45.jdk/Contents/Home/jre" />
    <property name="java.vm.info" value="mixed mode" />
    <property name="env.LOGNAME" value="amitsuzawa" />
    <property name="ant.file" value="/Users/amitsuzawa/Desktop/codeU/cs-swapping-implementations-lab-codeU/javacs-lab01/build.xml" />
    <property name="os.version" value="10.10.5" />
    <property name="path.separator" value=":" />
    <property name="env._ORIGINAL_GEM_PATH" value="/Users/amitsuzawa/.rvm/gems/ruby-2.2.1:/Users/amitsuzawa/.rvm/gems/ruby-2.2.1@global" />
    <property name="java.vm.version" value="25.45-b02" />
    <property name="ant.library.dir" value="/usr/local/Cellar/ant/1.9.5/libexec/lib" />
    <property name="junit.output.dir" value="junit" />
    <property name="env.IRBRC" value="/Users/amitsuzawa/.rvm/rubies/ruby-2.2.1/.irbrc" />
    <property name="env.JAVA_HOME" value="/Library/Java/JavaVirtualMachines/jdk1.8.0_45.jdk/Contents/Home" />
    <property name="java.awt.printerjob" value="sun.lwawt.macosx.CPrinterJob" />
    <property name="env.TERM" value="xterm" />
    <property name="sun.io.unicode.encoding" value="UnicodeBig" />
    <property name="env.JAVA_MAIN_CLASS_64973" value="org.apache.tools.ant.launch.Launcher" />
    <property name="awt.toolkit" value="sun.lwawt.macosx.LWCToolkit" />
    <property name="socksNonProxyHosts" value="local|*.local|169.254/16|*.169.254/16" />
    <property name="ftp.nonProxyHosts" value="local|*.local|169.254/16|*.169.254/16" />
    <property name="env.GEM_PATH" value="/Users/amitsuzawa/.rvm/gems/ruby-2.2.1:/Users/amitsuzawa/.rvm/gems/ruby-2.2.1@global" />
    <property name="target" value="1.6" />
    <property name="user.home" value="/Users/amitsuzawa" />
    <property name="java.specification.vendor" value="Oracle Corporation" />
    <property name="env.TERM_PROGRAM" value="iTerm.app" />
    <property name="java.vendor.url" value="http://java.oracle.com/" />
    <property name="java.library.path" value="/Users/amitsuzawa/Library/Java/Extensions:/Library/Java/Extensions:/Network/Library/Java/Extensions:/System/Library/Java/Extensions:/usr/lib/java:." />
    <property name="gopherProxySet" value="false" />
    <property name="java.vm.vendor" value="Oracle Corporation" />
    <property name="java.runtime.name" value="Java(TM) SE Runtime Environment" />
    <property name="ant.version" value="Apache Ant(TM) version 1.9.5 compiled on May 31 2015" />
    <property name="java.class.path" value="/Users/amitsuzawa/Desktop/codeU/cs-swapping-implementations-lab-codeU/javacs-lab01/bin:/Users/amitsuzawa/Desktop/codeU/cs-swapping-implementations-lab-codeU/javacs-lab01/lib/junit-4.12.jar:/Users/amitsuzawa/Desktop/codeU/cs-swapping-implementations-lab-codeU/javacs-lab01/lib/hamcrest-core-1.3.jar:/usr/local/Cellar/ant/1.9.5/libexec/lib/ant-launcher.jar:/usr/local/Cellar/ant/1.9.5/libexec/lib/ant.jar:/usr/local/Cellar/ant/1.9.5/libexec/lib/ant-junit.jar:/usr/local/Cellar/ant/1.9.5/libexec/lib/ant-junit4.jar" />
    <property name="sun.java.command" value="org.apache.tools.ant.taskdefs.optional.junit.JUnitTestRunner com.flatironschool.javacs.ListClientExampleTest skipNonTests=false filtertrace=true haltOnError=false haltOnFailure=false formatter=org.apache.tools.ant.taskdefs.optional.junit.OutErrSummaryJUnitResultFormatter showoutput=false outputtoformatters=true logfailedtests=true threadid=0 logtestlistenerevents=false formatter=org.apache.tools.ant.taskdefs.optional.junit.XMLJUnitResultFormatter,/Users/amitsuzawa/Desktop/codeU/cs-swapping-implementations-lab-codeU/javacs-lab01/junit/TEST-com.flatironschool.javacs.ListClientExampleTest.xml formatter=org.apache.tools.ant.taskdefs.optional.junit.PlainJUnitResultFormatter crashfile=/Users/amitsuzawa/Desktop/codeU/cs-swapping-implementations-lab-codeU/javacs-lab01/junitvmwatcher4148795822325457225.properties propsfile=/Users/amitsuzawa/Desktop/codeU/cs-swapping-implementations-lab-codeU/javacs-lab01/junit7965798717183898057.properties" />
    <property name="ant.file.type.JavaCS" value="file" />
    <property name="java.vm.specification.name" value="Java Virtual Machine Specification" />
    <property name="ant.file.type" value="file" />
    <property name="java.vm.specification.version" value="1.8" />
    <property name="sun.os.patch.level" value="unknown" />
    <property name="sun.cpu.endian" value="little" />
    <property name="debuglevel" value="source,lines,vars" />
    <property name="env.HOME" value="/Users/amitsuzawa" />
    <property name="java.io.tmpdir" value="/var/folders/9v/h8b48cnx0czbg43q72h2wd1r0000gq/T/" />
    <property name="java.vendor.url.bug" value="http://bugreport.sun.com/bugreport/" />
    <property name="env.SSH_AUTH_SOCK" value="/private/tmp/com.apple.launchd.nXMkwpKzFV/Listeners" />
    <property name="env.COMMAND_MODE" value="unix2003" />
    <property name="java.awt.graphicsenv" value="sun.awt.CGraphicsEnvironment" />
    <property name="os.arch" value="x86_64" />
    <property name="java.ext.dirs" value="/Users/amitsuzawa/Library/Java/Extensions:/Library/Java/JavaVirtualMachines/jdk1.8.0_45.jdk/Contents/Home/jre/lib/ext:/Library/Java/Extensions:/Network/Library/Java/Extensions:/System/Library/Java/Extensions:/usr/lib/java" />
    <property name="user.dir" value="/Users/amitsuzawa/Desktop/codeU/cs-swapping-implementations-lab-codeU" />
    <property name="line.separator" value="&#xa;" />
    <property name="java.vm.name" value="Java HotSpot(TM) 64-Bit Server VM" />
    <property name="basedir" value="/Users/amitsuzawa/Desktop/codeU/cs-swapping-implementations-lab-codeU/javacs-lab01" />
    <property name="env.ITERM_PROFILE" value="Default" />
    <property name="ant.java.version" value="1.8" />
    <property name="ant.core.lib" value="/usr/local/Cellar/ant/1.9.5/libexec/lib/ant.jar" />
    <property name="source" value="1.6" />
    <property name="file.encoding" value="UTF-8" />
    <property name="java.specification.version" value="1.8" />
    <property name="ant.project.invoked-targets" value="test" />
  </properties>
  <testcase classname="com.flatironschool.javacs.ListClientExampleTest" name="testListClientExample" time="0.007" />
  <system-out><![CDATA[]]></system-out>
  <system-err><![CDATA[]]></system-err>
</testsuite>
